  Building Custom Rule C:/Users/lenovo/Desktop/openxlsx/CMakeLists.txt
  XLCell.cpp
  XLCellIterator.cpp
  XLCellRange.cpp
  XLCellReference.cpp
  XLCellValue.cpp
  XLColor.cpp
  XLColumn.cpp
  XLContentTypes.cpp
  XLDateTime.cpp
  XLDocument.cpp
  XLFormula.cpp
  XLProperties.cpp
  XLRelationships.cpp
  XLRow.cpp
  XLRowData.cpp
  XLSharedStrings.cpp
  XLSheet.cpp
  XLWorkbook.cpp
  XLXmlData.cpp
  XLXmlFile.cpp
  Generating Code...
  Compiling...
  XLZipArchive.cpp
  Generating Code...
  OpenXLSX.vcxproj -> C:\Users\lenovo\Desktop\openxlsx\build\lib\OpenXLSX.lib
